<?xml version="1.0" encoding="UTF-8"?>
<testsuite xmlns:xsi="http://www.w3.org/2001/XMLSchema-instance" xsi:noNamespaceSchemaLocation="https://maven.apache.org/surefire/maven-surefire-plugin/xsd/surefire-test-report.xsd" name="com.cprime.fibonacciservice.FibonacciServiceApplicationTests" time="2.257" tests="83" errors="0" skipped="0" failures="0">
  <properties>
    <property name="java.specification.version" value="17"/>
    <property name="sun.jnu.encoding" value="UTF-8"/>
    <property name="java.class.path" value="/workspaces/cqa-demo/micro-services/fibonacci-calculator/target/test-classes:/workspaces/cqa-demo/micro-services/fibonacci-calculator/target/classes:/home/codespace/.m2/repository/org/springframework/boot/spring-boot-starter-web/2.7.4/spring-boot-starter-web-2.7.4.jar:/home/codespace/.m2/repository/org/springframework/boot/spring-boot-starter/2.7.4/spring-boot-starter-2.7.4.jar:/home/codespace/.m2/repository/org/springframework/boot/spring-boot/2.7.4/spring-boot-2.7.4.jar:/home/codespace/.m2/repository/org/springframework/boot/spring-boot-autoconfigure/2.7.4/spring-boot-autoconfigure-2.7.4.jar:/home/codespace/.m2/repository/org/springframework/boot/spring-boot-starter-logging/2.7.4/spring-boot-starter-logging-2.7.4.jar:/home/codespace/.m2/repository/ch/qos/logback/logback-classic/1.2.11/logback-classic-1.2.11.jar:/home/codespace/.m2/repository/ch/qos/logback/logback-core/1.2.11/logback-core-1.2.11.jar:/home/codespace/.m2/repository/org/apache/logging/log4j/log4j-to-slf4j/2.17.2/log4j-to-slf4j-2.17.2.jar:/home/codespace/.m2/repository/org/apache/logging/log4j/log4j-api/2.17.2/log4j-api-2.17.2.jar:/home/codespace/.m2/repository/org/slf4j/jul-to-slf4j/1.7.36/jul-to-slf4j-1.7.36.jar:/home/codespace/.m2/repository/jakarta/annotation/jakarta.annotation-api/1.3.5/jakarta.annotation-api-1.3.5.jar:/home/codespace/.m2/repository/org/yaml/snakeyaml/1.32/snakeyaml-1.32.jar:/home/codespace/.m2/repository/org/springframework/boot/spring-boot-starter-json/2.7.4/spring-boot-starter-json-2.7.4.jar:/home/codespace/.m2/repository/com/fasterxml/jackson/datatype/jackson-datatype-jdk8/2.13.4/jackson-datatype-jdk8-2.13.4.jar:/home/codespace/.m2/repository/com/fasterxml/jackson/datatype/jackson-datatype-jsr310/2.13.4/jackson-datatype-jsr310-2.13.4.jar:/home/codespace/.m2/repository/com/fasterxml/jackson/module/jackson-module-parameter-names/2.13.4/jackson-module-parameter-names-2.13.4.jar:/home/codespace/.m2/repository/org/springframework/boot/spring-boot-starter-tomcat/2.7.4/spring-boot-starter-tomcat-2.7.4.jar:/home/codespace/.m2/repository/org/apache/tomcat/embed/tomcat-embed-core/9.0.65/tomcat-embed-core-9.0.65.jar:/home/codespace/.m2/repository/org/apache/tomcat/embed/tomcat-embed-el/9.0.65/tomcat-embed-el-9.0.65.jar:/home/codespace/.m2/repository/org/apache/tomcat/embed/tomcat-embed-websocket/9.0.65/tomcat-embed-websocket-9.0.65.jar:/home/codespace/.m2/repository/org/springframework/spring-web/5.3.23/spring-web-5.3.23.jar:/home/codespace/.m2/repository/org/springframework/spring-beans/5.3.23/spring-beans-5.3.23.jar:/home/codespace/.m2/repository/org/springframework/spring-webmvc/5.3.23/spring-webmvc-5.3.23.jar:/home/codespace/.m2/repository/org/springframework/spring-aop/5.3.23/spring-aop-5.3.23.jar:/home/codespace/.m2/repository/org/springframework/spring-context/5.3.23/spring-context-5.3.23.jar:/home/codespace/.m2/repository/org/springframework/spring-expression/5.3.23/spring-expression-5.3.23.jar:/home/codespace/.m2/repository/org/springframework/boot/spring-boot-starter-test/2.7.4/spring-boot-starter-test-2.7.4.jar:/home/codespace/.m2/repository/org/springframework/boot/spring-boot-test/2.7.4/spring-boot-test-2.7.4.jar:/home/codespace/.m2/repository/org/springframework/boot/spring-boot-test-autoconfigure/2.7.4/spring-boot-test-autoconfigure-2.7.4.jar:/home/codespace/.m2/repository/com/jayway/jsonpath/json-path/2.7.0/json-path-2.7.0.jar:/home/codespace/.m2/repository/net/minidev/json-smart/2.4.8/json-smart-2.4.8.jar:/home/codespace/.m2/repository/net/minidev/accessors-smart/2.4.8/accessors-smart-2.4.8.jar:/home/codespace/.m2/repository/org/ow2/asm/asm/9.1/asm-9.1.jar:/home/codespace/.m2/repository/org/slf4j/slf4j-api/1.7.36/slf4j-api-1.7.36.jar:/home/codespace/.m2/repository/jakarta/xml/bind/jakarta.xml.bind-api/2.3.3/jakarta.xml.bind-api-2.3.3.jar:/home/codespace/.m2/repository/jakarta/activation/jakarta.activation-api/1.2.2/jakarta.activation-api-1.2.2.jar:/home/codespace/.m2/repository/org/assertj/assertj-core/3.22.0/assertj-core-3.22.0.jar:/home/codespace/.m2/repository/org/hamcrest/hamcrest/2.2/hamcrest-2.2.jar:/home/codespace/.m2/repository/org/junit/jupiter/junit-jupiter/5.8.2/junit-jupiter-5.8.2.jar:/home/codespace/.m2/repository/org/junit/jupiter/junit-jupiter-api/5.8.2/junit-jupiter-api-5.8.2.jar:/home/codespace/.m2/repository/org/opentest4j/opentest4j/1.2.0/opentest4j-1.2.0.jar:/home/codespace/.m2/repository/org/junit/platform/junit-platform-commons/1.8.2/junit-platform-commons-1.8.2.jar:/home/codespace/.m2/repository/org/apiguardian/apiguardian-api/1.1.2/apiguardian-api-1.1.2.jar:/home/codespace/.m2/repository/org/junit/jupiter/junit-jupiter-params/5.8.2/junit-jupiter-params-5.8.2.jar:/home/codespace/.m2/repository/org/junit/jupiter/junit-jupiter-engine/5.8.2/junit-jupiter-engine-5.8.2.jar:/home/codespace/.m2/repository/org/junit/platform/junit-platform-engine/1.8.2/junit-platform-engine-1.8.2.jar:/home/codespace/.m2/repository/org/mockito/mockito-core/4.5.1/mockito-core-4.5.1.jar:/home/codespace/.m2/repository/net/bytebuddy/byte-buddy/1.12.17/byte-buddy-1.12.17.jar:/home/codespace/.m2/repository/net/bytebuddy/byte-buddy-agent/1.12.17/byte-buddy-agent-1.12.17.jar:/home/codespace/.m2/repository/org/objenesis/objenesis/3.2/objenesis-3.2.jar:/home/codespace/.m2/repository/org/mockito/mockito-junit-jupiter/4.5.1/mockito-junit-jupiter-4.5.1.jar:/home/codespace/.m2/repository/org/skyscreamer/jsonassert/1.5.1/jsonassert-1.5.1.jar:/home/codespace/.m2/repository/com/vaadin/external/google/android-json/0.0.20131108.vaadin1/android-json-0.0.20131108.vaadin1.jar:/home/codespace/.m2/repository/org/springframework/spring-core/5.3.23/spring-core-5.3.23.jar:/home/codespace/.m2/repository/org/springframework/spring-jcl/5.3.23/spring-jcl-5.3.23.jar:/home/codespace/.m2/repository/org/springframework/spring-test/5.3.23/spring-test-5.3.23.jar:/home/codespace/.m2/repository/org/xmlunit/xmlunit-core/2.9.0/xmlunit-core-2.9.0.jar:/home/codespace/.m2/repository/com/fasterxml/jackson/core/jackson-core/2.14.0-rc1/jackson-core-2.14.0-rc1.jar:/home/codespace/.m2/repository/com/fasterxml/jackson/core/jackson-databind/2.14.0-rc1/jackson-databind-2.14.0-rc1.jar:/home/codespace/.m2/repository/com/fasterxml/jackson/core/jackson-annotations/2.14.0-rc1/jackson-annotations-2.14.0-rc1.jar:"/>
    <property name="java.vm.vendor" value="Microsoft"/>
    <property name="sun.arch.data.model" value="64"/>
    <property name="java.vendor.url" value="https://www.microsoft.com"/>
    <property name="os.name" value="Linux"/>
    <property name="java.vm.specification.version" value="17"/>
    <property name="sun.java.launcher" value="SUN_STANDARD"/>
    <property name="user.country" value="US"/>
    <property name="sun.boot.library.path" value="/usr/local/sdkman/candidates/java/17.0.4.1-ms/lib"/>
    <property name="sun.java.command" value="/workspaces/cqa-demo/micro-services/fibonacci-calculator/target/surefire/surefirebooter4645335563994201228.jar /workspaces/cqa-demo/micro-services/fibonacci-calculator/target/surefire 2022-10-03T15-54-40_810-jvmRun1 surefire14993545257403962484tmp surefire_07379489165407315775tmp"/>
    <property name="jdk.debug" value="release"/>
    <property name="surefire.test.class.path" value="/workspaces/cqa-demo/micro-services/fibonacci-calculator/target/test-classes:/workspaces/cqa-demo/micro-services/fibonacci-calculator/target/classes:/home/codespace/.m2/repository/org/springframework/boot/spring-boot-starter-web/2.7.4/spring-boot-starter-web-2.7.4.jar:/home/codespace/.m2/repository/org/springframework/boot/spring-boot-starter/2.7.4/spring-boot-starter-2.7.4.jar:/home/codespace/.m2/repository/org/springframework/boot/spring-boot/2.7.4/spring-boot-2.7.4.jar:/home/codespace/.m2/repository/org/springframework/boot/spring-boot-autoconfigure/2.7.4/spring-boot-autoconfigure-2.7.4.jar:/home/codespace/.m2/repository/org/springframework/boot/spring-boot-starter-logging/2.7.4/spring-boot-starter-logging-2.7.4.jar:/home/codespace/.m2/repository/ch/qos/logback/logback-classic/1.2.11/logback-classic-1.2.11.jar:/home/codespace/.m2/repository/ch/qos/logback/logback-core/1.2.11/logback-core-1.2.11.jar:/home/codespace/.m2/repository/org/apache/logging/log4j/log4j-to-slf4j/2.17.2/log4j-to-slf4j-2.17.2.jar:/home/codespace/.m2/repository/org/apache/logging/log4j/log4j-api/2.17.2/log4j-api-2.17.2.jar:/home/codespace/.m2/repository/org/slf4j/jul-to-slf4j/1.7.36/jul-to-slf4j-1.7.36.jar:/home/codespace/.m2/repository/jakarta/annotation/jakarta.annotation-api/1.3.5/jakarta.annotation-api-1.3.5.jar:/home/codespace/.m2/repository/org/yaml/snakeyaml/1.32/snakeyaml-1.32.jar:/home/codespace/.m2/repository/org/springframework/boot/spring-boot-starter-json/2.7.4/spring-boot-starter-json-2.7.4.jar:/home/codespace/.m2/repository/com/fasterxml/jackson/datatype/jackson-datatype-jdk8/2.13.4/jackson-datatype-jdk8-2.13.4.jar:/home/codespace/.m2/repository/com/fasterxml/jackson/datatype/jackson-datatype-jsr310/2.13.4/jackson-datatype-jsr310-2.13.4.jar:/home/codespace/.m2/repository/com/fasterxml/jackson/module/jackson-module-parameter-names/2.13.4/jackson-module-parameter-names-2.13.4.jar:/home/codespace/.m2/repository/org/springframework/boot/spring-boot-starter-tomcat/2.7.4/spring-boot-starter-tomcat-2.7.4.jar:/home/codespace/.m2/repository/org/apache/tomcat/embed/tomcat-embed-core/9.0.65/tomcat-embed-core-9.0.65.jar:/home/codespace/.m2/repository/org/apache/tomcat/embed/tomcat-embed-el/9.0.65/tomcat-embed-el-9.0.65.jar:/home/codespace/.m2/repository/org/apache/tomcat/embed/tomcat-embed-websocket/9.0.65/tomcat-embed-websocket-9.0.65.jar:/home/codespace/.m2/repository/org/springframework/spring-web/5.3.23/spring-web-5.3.23.jar:/home/codespace/.m2/repository/org/springframework/spring-beans/5.3.23/spring-beans-5.3.23.jar:/home/codespace/.m2/repository/org/springframework/spring-webmvc/5.3.23/spring-webmvc-5.3.23.jar:/home/codespace/.m2/repository/org/springframework/spring-aop/5.3.23/spring-aop-5.3.23.jar:/home/codespace/.m2/repository/org/springframework/spring-context/5.3.23/spring-context-5.3.23.jar:/home/codespace/.m2/repository/org/springframework/spring-expression/5.3.23/spring-expression-5.3.23.jar:/home/codespace/.m2/repository/org/springframework/boot/spring-boot-starter-test/2.7.4/spring-boot-starter-test-2.7.4.jar:/home/codespace/.m2/repository/org/springframework/boot/spring-boot-test/2.7.4/spring-boot-test-2.7.4.jar:/home/codespace/.m2/repository/org/springframework/boot/spring-boot-test-autoconfigure/2.7.4/spring-boot-test-autoconfigure-2.7.4.jar:/home/codespace/.m2/repository/com/jayway/jsonpath/json-path/2.7.0/json-path-2.7.0.jar:/home/codespace/.m2/repository/net/minidev/json-smart/2.4.8/json-smart-2.4.8.jar:/home/codespace/.m2/repository/net/minidev/accessors-smart/2.4.8/accessors-smart-2.4.8.jar:/home/codespace/.m2/repository/org/ow2/asm/asm/9.1/asm-9.1.jar:/home/codespace/.m2/repository/org/slf4j/slf4j-api/1.7.36/slf4j-api-1.7.36.jar:/home/codespace/.m2/repository/jakarta/xml/bind/jakarta.xml.bind-api/2.3.3/jakarta.xml.bind-api-2.3.3.jar:/home/codespace/.m2/repository/jakarta/activation/jakarta.activation-api/1.2.2/jakarta.activation-api-1.2.2.jar:/home/codespace/.m2/repository/org/assertj/assertj-core/3.22.0/assertj-core-3.22.0.jar:/home/codespace/.m2/repository/org/hamcrest/hamcrest/2.2/hamcrest-2.2.jar:/home/codespace/.m2/repository/org/junit/jupiter/junit-jupiter/5.8.2/junit-jupiter-5.8.2.jar:/home/codespace/.m2/repository/org/junit/jupiter/junit-jupiter-api/5.8.2/junit-jupiter-api-5.8.2.jar:/home/codespace/.m2/repository/org/opentest4j/opentest4j/1.2.0/opentest4j-1.2.0.jar:/home/codespace/.m2/repository/org/junit/platform/junit-platform-commons/1.8.2/junit-platform-commons-1.8.2.jar:/home/codespace/.m2/repository/org/apiguardian/apiguardian-api/1.1.2/apiguardian-api-1.1.2.jar:/home/codespace/.m2/repository/org/junit/jupiter/junit-jupiter-params/5.8.2/junit-jupiter-params-5.8.2.jar:/home/codespace/.m2/repository/org/junit/jupiter/junit-jupiter-engine/5.8.2/junit-jupiter-engine-5.8.2.jar:/home/codespace/.m2/repository/org/junit/platform/junit-platform-engine/1.8.2/junit-platform-engine-1.8.2.jar:/home/codespace/.m2/repository/org/mockito/mockito-core/4.5.1/mockito-core-4.5.1.jar:/home/codespace/.m2/repository/net/bytebuddy/byte-buddy/1.12.17/byte-buddy-1.12.17.jar:/home/codespace/.m2/repository/net/bytebuddy/byte-buddy-agent/1.12.17/byte-buddy-agent-1.12.17.jar:/home/codespace/.m2/repository/org/objenesis/objenesis/3.2/objenesis-3.2.jar:/home/codespace/.m2/repository/org/mockito/mockito-junit-jupiter/4.5.1/mockito-junit-jupiter-4.5.1.jar:/home/codespace/.m2/repository/org/skyscreamer/jsonassert/1.5.1/jsonassert-1.5.1.jar:/home/codespace/.m2/repository/com/vaadin/external/google/android-json/0.0.20131108.vaadin1/android-json-0.0.20131108.vaadin1.jar:/home/codespace/.m2/repository/org/springframework/spring-core/5.3.23/spring-core-5.3.23.jar:/home/codespace/.m2/repository/org/springframework/spring-jcl/5.3.23/spring-jcl-5.3.23.jar:/home/codespace/.m2/repository/org/springframework/spring-test/5.3.23/spring-test-5.3.23.jar:/home/codespace/.m2/repository/org/xmlunit/xmlunit-core/2.9.0/xmlunit-core-2.9.0.jar:/home/codespace/.m2/repository/com/fasterxml/jackson/core/jackson-core/2.14.0-rc1/jackson-core-2.14.0-rc1.jar:/home/codespace/.m2/repository/com/fasterxml/jackson/core/jackson-databind/2.14.0-rc1/jackson-databind-2.14.0-rc1.jar:/home/codespace/.m2/repository/com/fasterxml/jackson/core/jackson-annotations/2.14.0-rc1/jackson-annotations-2.14.0-rc1.jar:"/>
    <property name="sun.cpu.endian" value="little"/>
    <property name="user.home" value="/home/codespace"/>
    <property name="user.language" value="en"/>
    <property name="java.specification.vendor" value="Oracle Corporation"/>
    <property name="java.version.date" value="2022-08-12"/>
    <property name="java.home" value="/usr/local/sdkman/candidates/java/17.0.4.1-ms"/>
    <property name="file.separator" value="/"/>
    <property name="basedir" value="/workspaces/cqa-demo/micro-services/fibonacci-calculator"/>
    <property name="java.vm.compressedOopsMode" value="32-bit"/>
    <property name="line.separator" value="&#10;"/>
    <property name="java.specification.name" value="Java Platform API Specification"/>
    <property name="java.vm.specification.vendor" value="Oracle Corporation"/>
    <property name="surefire.real.class.path" value="/workspaces/cqa-demo/micro-services/fibonacci-calculator/target/surefire/surefirebooter4645335563994201228.jar"/>
    <property name="sun.management.compiler" value="HotSpot 64-Bit Tiered Compilers"/>
    <property name="java.runtime.version" value="17.0.4.1+1-LTS"/>
    <property name="user.name" value="codespace"/>
    <property name="path.separator" value=":"/>
    <property name="os.version" value="5.4.0-1090-azure"/>
    <property name="java.runtime.name" value="OpenJDK Runtime Environment"/>
    <property name="file.encoding" value="UTF-8"/>
    <property name="java.vm.name" value="OpenJDK 64-Bit Server VM"/>
    <property name="java.vendor.version" value="Microsoft-40354"/>
    <property name="localRepository" value="/home/codespace/.m2/repository"/>
    <property name="java.vendor.url.bug" value="https://github.com/microsoft/openjdk/issues"/>
    <property name="java.io.tmpdir" value="/tmp"/>
    <property name="java.version" value="17.0.4.1"/>
    <property name="user.dir" value="/workspaces/cqa-demo/micro-services/fibonacci-calculator"/>
    <property name="os.arch" value="amd64"/>
    <property name="java.vm.specification.name" value="Java Virtual Machine Specification"/>
    <property name="native.encoding" value="UTF-8"/>
    <property name="java.library.path" value="/usr/java/packages/lib:/usr/lib64:/lib64:/lib:/usr/lib"/>
    <property name="java.vm.info" value="mixed mode, sharing"/>
    <property name="java.vendor" value="Microsoft"/>
    <property name="java.vm.version" value="17.0.4.1+1-LTS"/>
    <property name="sun.io.unicode.encoding" value="UnicodeLittle"/>
    <property name="java.class.version" value="61.0"/>
  </properties>
  <testcase name="fibonacciIndexRequestReturnsCorrectValue{int, long}[1]" classname="com.cprime.fibonacciservice.FibonacciServiceApplicationTests" time="0.306"/>
  <testcase name="fibonacciIndexRequestReturnsCorrectValue{int, long}[2]" classname="com.cprime.fibonacciservice.FibonacciServiceApplicationTests" time="0.006"/>
  <testcase name="fibonacciIndexRequestReturnsCorrectValue{int, long}[3]" classname="com.cprime.fibonacciservice.FibonacciServiceApplicationTests" time="0.005"/>
  <testcase name="fibonacciIndexRequestReturnsCorrectValue{int, long}[4]" classname="com.cprime.fibonacciservice.FibonacciServiceApplicationTests" time="0.006"/>
  <testcase name="fibonacciIndexRequestReturnsCorrectValue{int, long}[5]" classname="com.cprime.fibonacciservice.FibonacciServiceApplicationTests" time="0.008"/>
  <testcase name="fibonacciIndexRequestReturnsCorrectValue{int, long}[6]" classname="com.cprime.fibonacciservice.FibonacciServiceApplicationTests" time="0.004"/>
  <testcase name="fibonacciIndexRequestReturnsCorrectValue{int, long}[7]" classname="com.cprime.fibonacciservice.FibonacciServiceApplicationTests" time="0.006"/>
  <testcase name="fibonacciIndexRequestReturnsCorrectValue{int, long}[8]" classname="com.cprime.fibonacciservice.FibonacciServiceApplicationTests" time="0.006"/>
  <testcase name="fibonacciIndexRequestReturnsCorrectValue{int, long}[9]" classname="com.cprime.fibonacciservice.FibonacciServiceApplicationTests" time="0.006"/>
  <testcase name="fibonacciIndexRequestReturnsCorrectValue{int, long}[10]" classname="com.cprime.fibonacciservice.FibonacciServiceApplicationTests" time="0.006"/>
  <testcase name="fibonacciIndexRequestReturnsCorrectValue{int, long}[11]" classname="com.cprime.fibonacciservice.FibonacciServiceApplicationTests" time="0.007"/>
  <testcase name="fibonacciIndexRequestReturnsCorrectValue{int, long}[12]" classname="com.cprime.fibonacciservice.FibonacciServiceApplicationTests" time="0.006"/>
  <testcase name="fibonacciIndexRequestReturnsCorrectValue{int, long}[13]" classname="com.cprime.fibonacciservice.FibonacciServiceApplicationTests" time="0.007"/>
  <testcase name="fibonacciIndexRequestReturnsCorrectValue{int, long}[14]" classname="com.cprime.fibonacciservice.FibonacciServiceApplicationTests" time="0.006"/>
  <testcase name="fibonacciIndexRequestReturnsCorrectValue{int, long}[15]" classname="com.cprime.fibonacciservice.FibonacciServiceApplicationTests" time="0.005"/>
  <testcase name="fibonacciIndexRequestReturnsCorrectValue{int, long}[16]" classname="com.cprime.fibonacciservice.FibonacciServiceApplicationTests" time="0.007"/>
  <testcase name="fibonacciIndexRequestReturnsCorrectValue{int, long}[17]" classname="com.cprime.fibonacciservice.FibonacciServiceApplicationTests" time="0.005"/>
  <testcase name="fibonacciIndexRequestReturnsCorrectValue{int, long}[18]" classname="com.cprime.fibonacciservice.FibonacciServiceApplicationTests" time="0.006"/>
  <testcase name="fibonacciIndexRequestReturnsCorrectValue{int, long}[19]" classname="com.cprime.fibonacciservice.FibonacciServiceApplicationTests" time="0.006"/>
  <testcase name="fibonacciIndexRequestReturnsCorrectValue{int, long}[20]" classname="com.cprime.fibonacciservice.FibonacciServiceApplicationTests" time="0.006"/>
  <testcase name="fibonacciIndexRequestReturnsCorrectValue{int, long}[21]" classname="com.cprime.fibonacciservice.FibonacciServiceApplicationTests" time="0.006"/>
  <testcase name="fibonacciIndexRequestReturnsCorrectValue{int, long}[22]" classname="com.cprime.fibonacciservice.FibonacciServiceApplicationTests" time="0.006"/>
  <testcase name="fibonacciIndexRequestReturnsCorrectValue{int, long}[23]" classname="com.cprime.fibonacciservice.FibonacciServiceApplicationTests" time="0.005"/>
  <testcase name="fibonacciIndexRequestReturnsCorrectValue{int, long}[24]" classname="com.cprime.fibonacciservice.FibonacciServiceApplicationTests" time="0.005"/>
  <testcase name="fibonacciIndexRequestReturnsCorrectValue{int, long}[25]" classname="com.cprime.fibonacciservice.FibonacciServiceApplicationTests" time="0.007"/>
  <testcase name="fibonacciIndexRequestReturnsCorrectValue{int, long}[26]" classname="com.cprime.fibonacciservice.FibonacciServiceApplicationTests" time="0.005"/>
  <testcase name="fibonacciIndexRequestReturnsCorrectValue{int, long}[27]" classname="com.cprime.fibonacciservice.FibonacciServiceApplicationTests" time="0.005"/>
  <testcase name="fibonacciIndexRequestReturnsCorrectValue{int, long}[28]" classname="com.cprime.fibonacciservice.FibonacciServiceApplicationTests" time="0.006"/>
  <testcase name="fibonacciIndexRequestReturnsCorrectValue{int, long}[29]" classname="com.cprime.fibonacciservice.FibonacciServiceApplicationTests" time="0.005"/>
  <testcase name="fibonacciIndexRequestReturnsCorrectValue{int, long}[30]" classname="com.cprime.fibonacciservice.FibonacciServiceApplicationTests" time="0.005"/>
  <testcase name="fibonacciIndexRequestReturnsCorrectValue{int, long}[31]" classname="com.cprime.fibonacciservice.FibonacciServiceApplicationTests" time="0.006"/>
  <testcase name="fibonacciIndexRequestReturnsCorrectValue{int, long}[32]" classname="com.cprime.fibonacciservice.FibonacciServiceApplicationTests" time="0.007"/>
  <testcase name="fibonacciIndexRequestReturnsCorrectValue{int, long}[33]" classname="com.cprime.fibonacciservice.FibonacciServiceApplicationTests" time="0.006"/>
  <testcase name="fibonacciIndexRequestReturnsCorrectValue{int, long}[34]" classname="com.cprime.fibonacciservice.FibonacciServiceApplicationTests" time="0.005"/>
  <testcase name="fibonacciIndexRequestReturnsCorrectValue{int, long}[35]" classname="com.cprime.fibonacciservice.FibonacciServiceApplicationTests" time="0.005"/>
  <testcase name="fibonacciIndexRequestReturnsCorrectValue{int, long}[36]" classname="com.cprime.fibonacciservice.FibonacciServiceApplicationTests" time="0.005"/>
  <testcase name="fibonacciIndexRequestReturnsCorrectValue{int, long}[37]" classname="com.cprime.fibonacciservice.FibonacciServiceApplicationTests" time="0.006"/>
  <testcase name="fibonacciIndexRequestReturnsCorrectValue{int, long}[38]" classname="com.cprime.fibonacciservice.FibonacciServiceApplicationTests" time="0.005"/>
  <testcase name="fibonacciIndexRequestReturnsCorrectValue{int, long}[39]" classname="com.cprime.fibonacciservice.FibonacciServiceApplicationTests" time="0.004"/>
  <testcase name="fibonacciIndexRequestReturnsCorrectValue{int, long}[40]" classname="com.cprime.fibonacciservice.FibonacciServiceApplicationTests" time="0.005"/>
  <testcase name="fibonacciIndexRequestReturnsCorrectValue{int, long}[41]" classname="com.cprime.fibonacciservice.FibonacciServiceApplicationTests" time="0.006"/>
  <testcase name="fibonacciIndexRequestReturnsCorrectValue{int, long}[42]" classname="com.cprime.fibonacciservice.FibonacciServiceApplicationTests" time="0.005"/>
  <testcase name="fibonacciIndexRequestReturnsCorrectValue{int, long}[43]" classname="com.cprime.fibonacciservice.FibonacciServiceApplicationTests" time="0.006"/>
  <testcase name="fibonacciIndexRequestReturnsCorrectValue{int, long}[44]" classname="com.cprime.fibonacciservice.FibonacciServiceApplicationTests" time="0.005"/>
  <testcase name="fibonacciIndexRequestReturnsCorrectValue{int, long}[45]" classname="com.cprime.fibonacciservice.FibonacciServiceApplicationTests" time="0.004"/>
  <testcase name="fibonacciIndexRequestReturnsCorrectValue{int, long}[46]" classname="com.cprime.fibonacciservice.FibonacciServiceApplicationTests" time="0.004"/>
  <testcase name="fibonacciIndexRequestReturnsCorrectValue{int, long}[47]" classname="com.cprime.fibonacciservice.FibonacciServiceApplicationTests" time="0.004"/>
  <testcase name="fibonacciIndexRequestReturnsCorrectValue{int, long}[48]" classname="com.cprime.fibonacciservice.FibonacciServiceApplicationTests" time="0.005"/>
  <testcase name="fibonacciIndexRequestReturnsCorrectValue{int, long}[49]" classname="com.cprime.fibonacciservice.FibonacciServiceApplicationTests" time="0.005"/>
  <testcase name="fibonacciIndexRequestReturnsCorrectValue{int, long}[50]" classname="com.cprime.fibonacciservice.FibonacciServiceApplicationTests" time="0.006"/>
  <testcase name="fibonacciIndexRequestReturnsCorrectValue{int, long}[51]" classname="com.cprime.fibonacciservice.FibonacciServiceApplicationTests" time="0.006"/>
  <testcase name="fibonacciIndexRequestReturnsCorrectValue{int, long}[52]" classname="com.cprime.fibonacciservice.FibonacciServiceApplicationTests" time="0.006"/>
  <testcase name="fibonacciIndexRequestReturnsCorrectValue{int, long}[53]" classname="com.cprime.fibonacciservice.FibonacciServiceApplicationTests" time="0.005"/>
  <testcase name="fibonacciIndexRequestReturnsCorrectValue{int, long}[54]" classname="com.cprime.fibonacciservice.FibonacciServiceApplicationTests" time="0.004"/>
  <testcase name="fibonacciIndexRequestReturnsCorrectValue{int, long}[55]" classname="com.cprime.fibonacciservice.FibonacciServiceApplicationTests" time="0.004"/>
  <testcase name="fibonacciIndexRequestReturnsCorrectValue{int, long}[56]" classname="com.cprime.fibonacciservice.FibonacciServiceApplicationTests" time="0.004"/>
  <testcase name="fibonacciIndexRequestReturnsCorrectValue{int, long}[57]" classname="com.cprime.fibonacciservice.FibonacciServiceApplicationTests" time="0.005"/>
  <testcase name="fibonacciIndexRequestReturnsCorrectValue{int, long}[58]" classname="com.cprime.fibonacciservice.FibonacciServiceApplicationTests" time="0.004"/>
  <testcase name="fibonacciIndexRequestReturnsCorrectValue{int, long}[59]" classname="com.cprime.fibonacciservice.FibonacciServiceApplicationTests" time="0.004"/>
  <testcase name="fibonacciIndexRequestReturnsCorrectValue{int, long}[60]" classname="com.cprime.fibonacciservice.FibonacciServiceApplicationTests" time="0.005"/>
  <testcase name="fibonacciIndexRequestReturnsCorrectValue{int, long}[61]" classname="com.cprime.fibonacciservice.FibonacciServiceApplicationTests" time="0.005"/>
  <testcase name="fibonacciIndexRequestReturnsCorrectValue{int, long}[62]" classname="com.cprime.fibonacciservice.FibonacciServiceApplicationTests" time="0.005"/>
  <testcase name="fibonacciIndexRequestReturnsCorrectValue{int, long}[63]" classname="com.cprime.fibonacciservice.FibonacciServiceApplicationTests" time="0.005"/>
  <testcase name="fibonacciIndexRequestReturnsCorrectValue{int, long}[64]" classname="com.cprime.fibonacciservice.FibonacciServiceApplicationTests" time="0.005"/>
  <testcase name="fibonacciIndexRequestReturnsCorrectValue{int, long}[65]" classname="com.cprime.fibonacciservice.FibonacciServiceApplicationTests" time="0.004"/>
  <testcase name="fibonacciIndexRequestReturnsCorrectValue{int, long}[66]" classname="com.cprime.fibonacciservice.FibonacciServiceApplicationTests" time="0.004"/>
  <testcase name="fibonacciIndexRequestReturnsCorrectValue{int, long}[67]" classname="com.cprime.fibonacciservice.FibonacciServiceApplicationTests" time="0.004"/>
  <testcase name="fibonacciIndexRequestReturnsCorrectValue{int, long}[68]" classname="com.cprime.fibonacciservice.FibonacciServiceApplicationTests" time="0.005"/>
  <testcase name="fibonacciIndexRequestReturnsCorrectValue{int, long}[69]" classname="com.cprime.fibonacciservice.FibonacciServiceApplicationTests" time="0.005"/>
  <testcase name="fibonacciIndexRequestReturnsCorrectValue{int, long}[70]" classname="com.cprime.fibonacciservice.FibonacciServiceApplicationTests" time="0.005"/>
  <testcase name="fibonacciIndexRequestReturnsCorrectValue{int, long}[71]" classname="com.cprime.fibonacciservice.FibonacciServiceApplicationTests" time="0.004"/>
  <testcase name="fibonacciIndexRequestReturnsCorrectValue{int, long}[72]" classname="com.cprime.fibonacciservice.FibonacciServiceApplicationTests" time="0.004"/>
  <testcase name="fibonacciIndexRequestReturnsCorrectValue{int, long}[73]" classname="com.cprime.fibonacciservice.FibonacciServiceApplicationTests" time="0.004"/>
  <testcase name="fibonacciIndexRequestReturnsCorrectValue{int, long}[74]" classname="com.cprime.fibonacciservice.FibonacciServiceApplicationTests" time="0.004"/>
  <testcase name="fibonacciIndexRequestReturnsCorrectValue{int, long}[75]" classname="com.cprime.fibonacciservice.FibonacciServiceApplicationTests" time="0.003"/>
  <testcase name="fibonacciIndexRequestReturnsCorrectValue{int, long}[76]" classname="com.cprime.fibonacciservice.FibonacciServiceApplicationTests" time="0.004"/>
  <testcase name="rootRequestReturnsSystemUpMessage" classname="com.cprime.fibonacciservice.FibonacciServiceApplicationTests" time="0.009"/>
  <testcase name="main" classname="com.cprime.fibonacciservice.FibonacciServiceApplicationTests" time="0.282"/>
  <testcase name="calculateFibonacciNumberByIndexReturnsCorrectValues{String, String, String}[1]" classname="com.cprime.fibonacciservice.FibonacciServiceApplicationTests" time="0.031"/>
  <testcase name="calculateFibonacciNumberByIndexReturnsCorrectValues{String, String, String}[2]" classname="com.cprime.fibonacciservice.FibonacciServiceApplicationTests" time="0.006"/>
  <testcase name="calculateFibonacciNumberByIndexReturnsCorrectValues{String, String, String}[3]" classname="com.cprime.fibonacciservice.FibonacciServiceApplicationTests" time="0.017"/>
  <testcase name="calculateFibonacciNumberByIndexReturnsCorrectValues{String, String, String}[4]" classname="com.cprime.fibonacciservice.FibonacciServiceApplicationTests" time="0.005"/>
  <testcase name="healthRequestReturnsSystemUpMessage" classname="com.cprime.fibonacciservice.FibonacciServiceApplicationTests" time="0.004"/>
</testsuite>
